<?xml version="1.0" encoding="UTF-8"?>
<!-- Generated by org.testng.reporters.JUnitReportReporter -->
<testsuite hostname="DESKTOP-PDQBIIN" failures="0" tests="1" name="tests.ShoppingE2EFlowTest" time="23.428" errors="0" timestamp="2025-07-08T08:10:12 SELÄŒ" skipped="0">
  <testcase classname="tests.ShoppingE2EFlowTest" name="shoppingE2EFlow" time="23.428"/>
</testsuite> <!-- tests.ShoppingE2EFlowTest -->
