<?xml version="1.0" encoding="UTF-8"?>
<!-- Generated by org.testng.reporters.JUnitReportReporter -->
<testsuite hostname="DESKTOP-PDQBIIN" failures="0" tests="1" name="tests.RegisterValidTest" time="6.186" errors="0" timestamp="2025-07-07T10:24:27 SELÄŒ" skipped="0">
  <testcase classname="tests.RegisterValidTest" name="testValidRegistration" time="6.186"/>
</testsuite> <!-- tests.RegisterValidTest -->
