<?xml version="1.0" encoding="UTF-8"?>
<!-- Generated by org.testng.reporters.JUnitReportReporter -->
<testsuite hostname="DESKTOP-PDQBIIN" failures="0" tests="1" name="tests.RegisterValidTest" time="4.270" errors="0" timestamp="2025-07-09T11:03:17 SELÄŒ" skipped="0">
  <testcase classname="tests.RegisterValidTest" name="testValidRegistration" time="4.270"/>
</testsuite> <!-- tests.RegisterValidTest -->
