<?xml version="1.0" encoding="UTF-8"?>
<!-- Generated by org.testng.reporters.JUnitReportReporter -->
<testsuite hostname="DESKTOP-PDQBIIN" failures="0" tests="1" name="tests.EndToEndShoppingFlowAfterLoginTest" time="22.853" errors="0" timestamp="2025-07-09T09:56:13 SELÄŒ" skipped="0">
  <testcase classname="tests.EndToEndShoppingFlowAfterLoginTest" name="verifyOrderCompletionAfterLogin" time="22.853"/>
</testsuite> <!-- tests.EndToEndShoppingFlowAfterLoginTest -->
