<?xml version="1.0" encoding="UTF-8"?>
<!-- Generated by org.testng.reporters.JUnitReportReporter -->
<testsuite hostname="DESKTOP-PDQBIIN" failures="0" tests="1" name="tests.LoginValidTest" time="4.821" errors="0" timestamp="2025-07-06T14:02:09 SELÄŒ" skipped="0">
  <testcase classname="tests.LoginValidTest" name="testValidLogin" time="4.821"/>
</testsuite> <!-- tests.LoginValidTest -->
