<?xml version="1.0" encoding="UTF-8"?>
<!-- Generated by org.testng.reporters.JUnitReportReporter -->
<testsuite hostname="DESKTOP-PDQBIIN" failures="0" tests="1" name="tests.RegisterValidTest" time="5.017" errors="0" timestamp="2025-07-04T20:07:19 SELÄŒ" skipped="0">
  <testcase classname="tests.RegisterValidTest" name="testValidRegistration" time="5.017"/>
</testsuite> <!-- tests.RegisterValidTest -->
