<?xml version="1.0" encoding="UTF-8"?>
<!-- Generated by org.testng.reporters.JUnitReportReporter -->
<testsuite hostname="DESKTOP-PDQBIIN" failures="0" tests="1" name="tests.AddProductToCartTest" time="4.822" errors="0" timestamp="2025-07-07T10:24:27 SELÄŒ" skipped="0">
  <testcase classname="tests.AddProductToCartTest" name="addOneProductToCart_ValidProduct" time="4.822"/>
</testsuite> <!-- tests.AddProductToCartTest -->
