<?xml version="1.0" encoding="UTF-8"?>
<!-- Generated by org.testng.reporters.JUnitReportReporter -->
<testsuite hostname="DESKTOP-PDQBIIN" failures="0" tests="1" name="tests.AddProductToCartTest" time="5.320" errors="0" timestamp="2025-07-08T22:33:43 SELÄŒ" skipped="0">
  <testcase classname="tests.AddProductToCartTest" name="addOneProductToCart_ValidProduct" time="5.320"/>
</testsuite> <!-- tests.AddProductToCartTest -->
