<?xml version="1.0" encoding="UTF-8"?>
<!-- Generated by org.testng.reporters.JUnitReportReporter -->
<testsuite hostname="DESKTOP-PDQBIIN" failures="0" tests="1" name="tests.positiveTests.RegisterValidTest" time="5.085" errors="0" timestamp="2025-07-13T12:52:58 SELÄŒ" skipped="0">
  <testcase classname="tests.positiveTests.RegisterValidTest" name="testValidRegistration" time="5.085"/>
</testsuite> <!-- tests.positiveTests.RegisterValidTest -->
