<?xml version="1.0" encoding="UTF-8"?>
<!-- Generated by org.testng.reporters.JUnitReportReporter -->
<testsuite hostname="DESKTOP-PDQBIIN" failures="0" tests="1" name="tests.positiveTests.LoginPositiveTest" time="3.654" errors="0" timestamp="2025-07-13T13:18:48 SELÄŒ" skipped="0">
  <testcase classname="tests.positiveTests.LoginPositiveTest" name="loginWithValidCredentialsShouldSucceed" time="3.654"/>
</testsuite> <!-- tests.positiveTests.LoginPositiveTest -->
