<?xml version="1.0" encoding="UTF-8"?>
<!-- Generated by org.testng.reporters.JUnitReportReporter -->
<testsuite hostname="DESKTOP-PDQBIIN" failures="0" tests="1" name="tests.CheckoutTests" time="8.618" errors="0" timestamp="2025-07-07T11:10:05 SELÄŒ" skipped="0">
  <testcase classname="tests.CheckoutTests" name="shoppingE2EFlow" time="8.618"/>
</testsuite> <!-- tests.CheckoutTests -->
