<?xml version="1.0" encoding="UTF-8"?>
<!-- Generated by org.testng.reporters.JUnitReportReporter -->
<testsuite hostname="DESKTOP-PDQBIIN" failures="0" tests="1" name="tests.ShoppingE2EFlowTest" time="42.661" errors="0" timestamp="2025-07-08T00:18:10 SELÄŒ" skipped="0">
  <testcase classname="tests.ShoppingE2EFlowTest" name="shoppingE2EFlow" time="42.661"/>
</testsuite> <!-- tests.ShoppingE2EFlowTest -->
