<?xml version="1.0" encoding="UTF-8"?>
<!-- Generated by org.testng.reporters.JUnitReportReporter -->
<testsuite hostname="DESKTOP-PDQBIIN" failures="0" tests="11" name="tests.negativeTests.LoginInvalidTests" time="31.850" errors="0" timestamp="2025-07-13T13:18:48 SELÄŒ" skipped="0">
  <testcase classname="tests.negativeTests.LoginInvalidTests" name="loginWithInvalidCredentialsTest" time="2.910"/>
  <testcase classname="tests.negativeTests.LoginInvalidTests" name="loginWithInvalidCredentialsTest" time="2.552"/>
  <testcase classname="tests.negativeTests.LoginInvalidTests" name="loginWithInvalidCredentialsTest" time="2.702"/>
  <testcase classname="tests.negativeTests.LoginInvalidTests" name="loginWithInvalidCredentialsTest" time="3.039"/>
  <testcase classname="tests.negativeTests.LoginInvalidTests" name="loginWithInvalidCredentialsTest" time="2.763"/>
  <testcase classname="tests.negativeTests.LoginInvalidTests" name="loginWithInvalidCredentialsTest" time="2.776"/>
  <testcase classname="tests.negativeTests.LoginInvalidTests" name="loginWithInvalidCredentialsTest" time="2.731"/>
  <testcase classname="tests.negativeTests.LoginInvalidTests" name="loginWithInvalidCredentialsTest" time="4.108"/>
  <testcase classname="tests.negativeTests.LoginInvalidTests" name="loginWithInvalidCredentialsTest" time="2.727"/>
  <testcase classname="tests.negativeTests.LoginInvalidTests" name="loginWithInvalidCredentialsTest" time="2.817"/>
  <testcase classname="tests.negativeTests.LoginInvalidTests" name="loginWithInvalidCredentialsTest" time="2.725"/>
</testsuite> <!-- tests.negativeTests.LoginInvalidTests -->
