<?xml version="1.0" encoding="UTF-8"?>
<!-- Generated by org.testng.reporters.JUnitReportReporter -->
<testsuite hostname="DESKTOP-PDQBIIN" failures="0" tests="10" name="tests.ShoppingE2EFlowTest" time="144.969" errors="0" timestamp="2025-07-08T21:27:19 SELÄŒ" skipped="0">
  <testcase classname="tests.ShoppingE2EFlowTest" name="testSubmitOrderAndCheckoutUrl" time="6.863"/>
  <testcase classname="tests.ShoppingE2EFlowTest" name="testShippingInformation" time="7.982"/>
  <testcase classname="tests.ShoppingE2EFlowTest" name="testShoppingCartDetails" time="5.780"/>
  <testcase classname="tests.ShoppingE2EFlowTest" name="testConfirmOrderDetails" time="40.492"/>
  <testcase classname="tests.ShoppingE2EFlowTest" name="testShippingMethodSelection" time="9.373"/>
  <testcase classname="tests.ShoppingE2EFlowTest" name="testPaymentInformation" time="10.093"/>
  <testcase classname="tests.ShoppingE2EFlowTest" name="testShippingAndTotals" time="6.913"/>
  <testcase classname="tests.ShoppingE2EFlowTest" name="testBillingInformation" time="7.563"/>
  <testcase classname="tests.ShoppingE2EFlowTest" name="testOrderCompletion" time="21.331"/>
  <testcase classname="tests.ShoppingE2EFlowTest" name="testPaymentMethodSelection" time="28.579"/>
</testsuite> <!-- tests.ShoppingE2EFlowTest -->
